<?xml version="1.0" encoding="UTF-8"?>
<testng-results ignored="0" total="1" passed="0" failed="1" skipped="0">
  <reporter-output>
  </reporter-output>
  <suite started-at="2021-07-11T06:32:44Z" name="Default suite" finished-at="2021-07-11T06:33:01Z" duration-ms="17239">
    <groups>
    </groups>
    <test started-at="2021-07-11T06:32:44Z" name="Default test" finished-at="2021-07-11T06:33:01Z" duration-ms="17239">
      <class name="testCase.verifyCellPhonesCount">
        <test-method is-config="true" signature="setupWebDriver()[pri:0, instance:testCase.verifyCellPhonesCount@1722011b]" started-at="2021-07-11T06:32:43Z" name="setupWebDriver" finished-at="2021-07-11T06:32:44Z" duration-ms="1550" status="PASS">
          <reporter-output>
          </reporter-output>
        </test-method> <!-- setupWebDriver -->
        <test-method signature="test_verifyCellPhonesCount()[pri:0, instance:testCase.verifyCellPhonesCount@1722011b]" started-at="2021-07-11T06:32:44Z" name="test_verifyCellPhonesCount" finished-at="2021-07-11T06:33:01Z" duration-ms="17224" status="FAIL">
          <exception class="java.lang.AssertionError">
            <message>
              <![CDATA[expected [32] but found [28]]]>
            </message>
            <full-stacktrace>
              <![CDATA[java.lang.AssertionError: expected [32] but found [28]
at org.testng.Assert.fail(Assert.java:96)
at org.testng.Assert.failNotEquals(Assert.java:776)
at org.testng.Assert.assertEqualsImpl(Assert.java:137)
at org.testng.Assert.assertEquals(Assert.java:118)
at org.testng.Assert.assertEquals(Assert.java:652)
at org.testng.Assert.assertEquals(Assert.java:662)
at testCase.verifyCellPhonesCount.test_verifyCellPhonesCount(verifyCellPhonesCount.java:36)
at java.base/jdk.internal.reflect.NativeMethodAccessorImpl.invoke0(Native Method)
at java.base/jdk.internal.reflect.NativeMethodAccessorImpl.invoke(NativeMethodAccessorImpl.java:62)
at java.base/jdk.internal.reflect.DelegatingMethodAccessorImpl.invoke(DelegatingMethodAccessorImpl.java:43)
at java.base/java.lang.reflect.Method.invoke(Method.java:566)
at org.testng.internal.MethodInvocationHelper.invokeMethod(MethodInvocationHelper.java:124)
at org.testng.internal.Invoker.invokeMethod(Invoker.java:583)
at org.testng.internal.Invoker.invokeTestMethod(Invoker.java:719)
at org.testng.internal.Invoker.invokeTestMethods(Invoker.java:989)
at org.testng.internal.TestMethodWorker.invokeTestMethods(TestMethodWorker.java:125)
at org.testng.internal.TestMethodWorker.run(TestMethodWorker.java:109)
at org.testng.TestRunner.privateRun(TestRunner.java:648)
at org.testng.TestRunner.run(TestRunner.java:505)
at org.testng.SuiteRunner.runTest(SuiteRunner.java:455)
at org.testng.SuiteRunner.runSequentially(SuiteRunner.java:450)
at org.testng.SuiteRunner.privateRun(SuiteRunner.java:415)
at org.testng.SuiteRunner.run(SuiteRunner.java:364)
at org.testng.SuiteRunnerWorker.runSuite(SuiteRunnerWorker.java:52)
at org.testng.SuiteRunnerWorker.run(SuiteRunnerWorker.java:84)
at org.testng.TestNG.runSuitesSequentially(TestNG.java:1208)
at org.testng.TestNG.runSuitesLocally(TestNG.java:1137)
at org.testng.TestNG.runSuites(TestNG.java:1049)
at org.testng.TestNG.run(TestNG.java:1017)
at org.testng.remote.AbstractRemoteTestNG.run(AbstractRemoteTestNG.java:115)
at org.testng.remote.RemoteTestNG.initAndRun(RemoteTestNG.java:251)
at org.testng.remote.RemoteTestNG.main(RemoteTestNG.java:77)
]]>
            </full-stacktrace>
          </exception> <!-- java.lang.AssertionError -->
          <reporter-output>
          </reporter-output>
        </test-method> <!-- test_verifyCellPhonesCount -->
        <test-method is-config="true" signature="tearDown()[pri:0, instance:testCase.verifyCellPhonesCount@1722011b]" started-at="2021-07-11T06:33:01Z" name="tearDown" finished-at="2021-07-11T06:33:02Z" duration-ms="126" status="PASS">
          <reporter-output>
          </reporter-output>
        </test-method> <!-- tearDown -->
      </class> <!-- testCase.verifyCellPhonesCount -->
    </test> <!-- Default test -->
  </suite> <!-- Default suite -->
</testng-results>
